# JRE version: Java(TM) SE Runtime Environment (8.0_45-b15) (build 1.8.0_45-b15)
# Java VM: Java HotSpot(TM) 64-Bit Server VM (25.45-b02 mixed mode windows-amd64 compressed oops)
Heap:
 PSYoungGen      total 124416K, used 26060K [0x00000000f5580000, 0x00000000ff600000, 0x0000000100000000)
  eden space 86528K, 30% used [0x00000000f5580000,0x00000000f6ef3378,0x00000000faa00000)
  from space 37888K, 0% used [0x00000000fd100000,0x00000000fd100000,0x00000000ff600000)
  to   space 38912K, 0% used [0x00000000faa00000,0x00000000faa00000,0x00000000fd000000)
 ParOldGen       total 110592K, used 47303K [0x00000000e0000000, 0x00000000e6c00000, 0x00000000f5580000)
  object space 110592K, 42% used [0x00000000e0000000,0x00000000e2e31f90,0x00000000e6c00000)
 Metaspace       used 85316K, capacity 91502K, committed 91648K, reserved 1128448K
  class space    used 10426K, capacity 12429K, committed 12544K, reserved 1048576K
GC Heap History (10 events):
Event: 428.122 GC heap before
{Heap before GC invocations=39 (full 9):
 PSYoungGen      total 126976K, used 192K [0x00000000f5580000, 0x00000000ffa00000, 0x0000000100000000)
  eden space 86528K, 0% used [0x00000000f5580000,0x00000000f5580000,0x00000000faa00000)
  from space 40448K, 0% used [0x00000000fd280000,0x00000000fd2b0000,0x00000000ffa00000)
  to   space 40960K, 0% used [0x00000000faa00000,0x00000000faa00000,0x00000000fd200000)
 ParOldGen       total 110592K, used 58799K [0x00000000e0000000, 0x00000000e6c00000, 0x00000000f5580000)
  object space 110592K, 53% used [0x00000000e0000000,0x00000000e396bd50,0x00000000e6c00000)
 Metaspace       used 84625K, capacity 90916K, committed 91008K, reserved 1128448K
  class space    used 10367K, capacity 12399K, committed 12416K, reserved 1048576K
Event: 428.297 GC heap after
Heap after GC invocations=39 (full 9):
 PSYoungGen      total 126976K, used 0K [0x00000000f5580000, 0x00000000ffa00000, 0x0000000100000000)
  eden space 86528K, 0% used [0x00000000f5580000,0x00000000f5580000,0x00000000faa00000)
  from space 40448K, 0% used [0x00000000fd280000,0x00000000fd280000,0x00000000ffa00000)
  to   space 40960K, 0% used [0x00000000faa00000,0x00000000faa00000,0x00000000fd200000)
 ParOldGen       total 110592K, used 58736K [0x00000000e0000000, 0x00000000e6c00000, 0x00000000f5580000)
  object space 110592K, 53% used [0x00000000e0000000,0x00000000e395c268,0x00000000e6c00000)
 Metaspace       used 84625K, capacity 90916K, committed 91008K, reserved 1128448K
  class space    used 10367K, capacity 12399K, committed 12416K, reserved 1048576K
}
Event: 488.132 GC heap before
{Heap before GC invocations=40 (full 9):
 PSYoungGen      total 126976K, used 2543K [0x00000000f5580000, 0x00000000ffa00000, 0x0000000100000000)
  eden space 86528K, 2% used [0x00000000f5580000,0x00000000f57fbd18,0x00000000faa00000)
  from space 40448K, 0% used [0x00000000fd280000,0x00000000fd280000,0x00000000ffa00000)
  to   space 40960K, 0% used [0x00000000faa00000,0x00000000faa00000,0x00000000fd200000)
 ParOldGen       total 110592K, used 58736K [0x00000000e0000000, 0x00000000e6c00000, 0x00000000f5580000)
  object space 110592K, 53% used [0x00000000e0000000,0x00000000e395c268,0x00000000e6c00000)
 Metaspace       used 84649K, capacity 90980K, committed 91008K, reserved 1128448K
  class space    used 10367K, capacity 12399K, committed 12416K, reserved 1048576K
Event: 488.135 GC heap after
Heap after GC invocations=40 (full 9):
 PSYoungGen      total 87040K, used 192K [0x00000000f5580000, 0x00000000ff800000, 0x0000000100000000)
  eden space 86528K, 0% used [0x00000000f5580000,0x00000000f5580000,0x00000000faa00000)
  from space 512K, 37% used [0x00000000faa00000,0x00000000faa30000,0x00000000faa80000)
  to   space 39936K, 0% used [0x00000000fd100000,0x00000000fd100000,0x00000000ff800000)
 ParOldGen       total 110592K, used 58744K [0x00000000e0000000, 0x00000000e6c00000, 0x00000000f5580000)
  object space 110592K, 53% used [0x00000000e0000000,0x00000000e395e268,0x00000000e6c00000)
 Metaspace       used 84649K, capacity 90980K, committed 91008K, reserved 1128448K
  class space    used 10367K, capacity 12399K, committed 12416K, reserved 1048576K
}
Event: 488.135 GC heap before
{Heap before GC invocations=41 (full 10):
 PSYoungGen      total 87040K, used 192K [0x00000000f5580000, 0x00000000ff800000, 0x0000000100000000)
  eden space 86528K, 0% used [0x00000000f5580000,0x00000000f5580000,0x00000000faa00000)
  from space 512K, 37% used [0x00000000faa00000,0x00000000faa30000,0x00000000faa80000)
  to   space 39936K, 0% used [0x00000000fd100000,0x00000000fd100000,0x00000000ff800000)
 ParOldGen       total 110592K, used 58744K [0x00000000e0000000, 0x00000000e6c00000, 0x00000000f5580000)
  object space 110592K, 53% used [0x00000000e0000000,0x00000000e395e268,0x00000000e6c00000)
 Metaspace       used 84649K, capacity 90980K, committed 91008K, reserved 1128448K
  class space    used 10367K, capacity 12399K, committed 12416K, reserved 1048576K
Event: 488.319 GC heap after
Heap after GC invocations=41 (full 10):
 PSYoungGen      total 87040K, used 0K [0x00000000f5580000, 0x00000000ff800000, 0x0000000100000000)
  eden space 86528K, 0% used [0x00000000f5580000,0x00000000f5580000,0x00000000faa00000)
  from space 512K, 0% used [0x00000000faa00000,0x00000000faa00000,0x00000000faa80000)
  to   space 39936K, 0% used [0x00000000fd100000,0x00000000fd100000,0x00000000ff800000)
 ParOldGen       total 110592K, used 48824K [0x00000000e0000000, 0x00000000e6c00000, 0x00000000f5580000)
  object space 110592K, 44% used [0x00000000e0000000,0x00000000e2fae288,0x00000000e6c00000)
 Metaspace       used 84623K, capacity 90938K, committed 91008K, reserved 1128448K
  class space    used 10364K, capacity 12392K, committed 12416K, reserved 1048576K
}
Event: 548.146 GC heap before
{Heap before GC invocations=42 (full 10):
 PSYoungGen      total 87040K, used 2555K [0x00000000f5580000, 0x00000000ff800000, 0x0000000100000000)
  eden space 86528K, 2% used [0x00000000f5580000,0x00000000f57fef38,0x00000000faa00000)
  from space 512K, 0% used [0x00000000faa00000,0x00000000faa00000,0x00000000faa80000)
  to   space 39936K, 0% used [0x00000000fd100000,0x00000000fd100000,0x00000000ff800000)
 ParOldGen       total 110592K, used 48824K [0x00000000e0000000, 0x00000000e6c00000, 0x00000000f5580000)
  object space 110592K, 44% used [0x00000000e0000000,0x00000000e2fae288,0x00000000e6c00000)
 Metaspace       used 84644K, capacity 90938K, committed 91008K, reserved 1128448K
  class space    used 10364K, capacity 12392K, committed 12416K, reserved 1048576K
Event: 548.148 GC heap after
Heap after GC invocations=42 (full 10):
 PSYoungGen      total 124416K, used 128K [0x00000000f5580000, 0x00000000ff600000, 0x0000000100000000)
  eden space 86528K, 0% used [0x00000000f5580000,0x00000000f5580000,0x00000000faa00000)
  from space 37888K, 0% used [0x00000000fd100000,0x00000000fd120000,0x00000000ff600000)
  to   space 38912K, 0% used [0x00000000faa00000,0x00000000faa00000,0x00000000fd000000)
 ParOldGen       total 110592K, used 48832K [0x00000000e0000000, 0x00000000e6c00000, 0x00000000f5580000)
  object space 110592K, 44% used [0x00000000e0000000,0x00000000e2fb0288,0x00000000e6c00000)
 Metaspace       used 84644K, capacity 90938K, committed 91008K, reserved 1128448K
  class space    used 10364K, capacity 12392K, committed 12416K, reserved 1048576K
}
Event: 548.148 GC heap before
{Heap before GC invocations=43 (full 11):
 PSYoungGen      total 124416K, used 128K [0x00000000f5580000, 0x00000000ff600000, 0x0000000100000000)
  eden space 86528K, 0% used [0x00000000f5580000,0x00000000f5580000,0x00000000faa00000)
  from space 37888K, 0% used [0x00000000fd100000,0x00000000fd120000,0x00000000ff600000)
  to   space 38912K, 0% used [0x00000000faa00000,0x00000000faa00000,0x00000000fd000000)
 ParOldGen       total 110592K, used 48832K [0x00000000e0000000, 0x00000000e6c00000, 0x00000000f5580000)
  object space 110592K, 44% used [0x00000000e0000000,0x00000000e2fb0288,0x00000000e6c00000)
 Metaspace       used 84644K, capacity 90938K, committed 91008K, reserved 1128448K
  class space    used 10364K, capacity 12392K, committed 12416K, reserved 1048576K
Event: 548.388 GC heap after
Heap after GC invocations=43 (full 11):
 PSYoungGen      total 124416K, used 0K [0x00000000f5580000, 0x00000000ff600000, 0x0000000100000000)
  eden space 86528K, 0% used [0x00000000f5580000,0x00000000f5580000,0x00000000faa00000)
  from space 37888K, 0% used [0x00000000fd100000,0x00000000fd100000,0x00000000ff600000)
  to   space 38912K, 0% used [0x00000000faa00000,0x00000000faa00000,0x00000000fd000000)
 ParOldGen       total 110592K, used 47303K [0x00000000e0000000, 0x00000000e6c00000, 0x00000000f5580000)
  object space 110592K, 42% used [0x00000000e0000000,0x00000000e2e31f90,0x00000000e6c00000)
 Metaspace       used 84636K, capacity 90926K, committed 91008K, reserved 1128448K
  class space    used 10362K, capacity 12390K, committed 12416K, reserved 1048576K
}

