# JRE version: Java(TM) SE Runtime Environment (8.0_45-b15) (build 1.8.0_45-b15)
# Java VM: Java HotSpot(TM) 64-Bit Server VM (25.45-b02 mixed mode windows-amd64 compressed oops)
Heap:
 PSYoungGen      total 130560K, used 44818K [0x00000000f5580000, 0x00000000fe680000, 0x0000000100000000)
  eden space 113664K, 39% used [0x00000000f5580000,0x00000000f8144b78,0x00000000fc480000)
  from space 16896K, 0% used [0x00000000fd600000,0x00000000fd600000,0x00000000fe680000)
  to   space 17408K, 0% used [0x00000000fc480000,0x00000000fc480000,0x00000000fd580000)
 ParOldGen       total 102400K, used 49941K [0x00000000e0000000, 0x00000000e6400000, 0x00000000f5580000)
  object space 102400K, 48% used [0x00000000e0000000,0x00000000e30c56e0,0x00000000e6400000)
 Metaspace       used 85441K, capacity 91458K, committed 91648K, reserved 1128448K
  class space    used 10318K, capacity 12237K, committed 12288K, reserved 1048576K
GC Heap History (10 events):
Event: 741.068 GC heap before
{Heap before GC invocations=44 (full 14):
 PSYoungGen      total 131584K, used 633K [0x00000000f5580000, 0x00000000fe880000, 0x0000000100000000)
  eden space 113664K, 0% used [0x00000000f5580000,0x00000000f5580000,0x00000000fc480000)
  from space 17920K, 3% used [0x00000000fd700000,0x00000000fd79e548,0x00000000fe880000)
  to   space 18432K, 0% used [0x00000000fc480000,0x00000000fc480000,0x00000000fd680000)
 ParOldGen       total 102400K, used 52040K [0x00000000e0000000, 0x00000000e6400000, 0x00000000f5580000)
  object space 102400K, 50% used [0x00000000e0000000,0x00000000e32d22f8,0x00000000e6400000)
 Metaspace       used 84538K, capacity 90492K, committed 90752K, reserved 1128448K
  class space    used 10233K, capacity 12107K, committed 12160K, reserved 1048576K
Event: 741.312 GC heap after
Heap after GC invocations=44 (full 14):
 PSYoungGen      total 131584K, used 0K [0x00000000f5580000, 0x00000000fe880000, 0x0000000100000000)
  eden space 113664K, 0% used [0x00000000f5580000,0x00000000f5580000,0x00000000fc480000)
  from space 17920K, 0% used [0x00000000fd700000,0x00000000fd700000,0x00000000fe880000)
  to   space 18432K, 0% used [0x00000000fc480000,0x00000000fc480000,0x00000000fd680000)
 ParOldGen       total 102400K, used 52070K [0x00000000e0000000, 0x00000000e6400000, 0x00000000f5580000)
  object space 102400K, 50% used [0x00000000e0000000,0x00000000e32d9bb8,0x00000000e6400000)
 Metaspace       used 84538K, capacity 90492K, committed 90752K, reserved 1128448K
  class space    used 10233K, capacity 12107K, committed 12160K, reserved 1048576K
}
Event: 801.081 GC heap before
{Heap before GC invocations=45 (full 14):
 PSYoungGen      total 131584K, used 15199K [0x00000000f5580000, 0x00000000fe880000, 0x0000000100000000)
  eden space 113664K, 13% used [0x00000000f5580000,0x00000000f6457c88,0x00000000fc480000)
  from space 17920K, 0% used [0x00000000fd700000,0x00000000fd700000,0x00000000fe880000)
  to   space 18432K, 0% used [0x00000000fc480000,0x00000000fc480000,0x00000000fd680000)
 ParOldGen       total 102400K, used 52070K [0x00000000e0000000, 0x00000000e6400000, 0x00000000f5580000)
  object space 102400K, 50% used [0x00000000e0000000,0x00000000e32d9bb8,0x00000000e6400000)
 Metaspace       used 84572K, capacity 90492K, committed 90752K, reserved 1128448K
  class space    used 10233K, capacity 12107K, committed 12160K, reserved 1048576K
Event: 801.084 GC heap after
Heap after GC invocations=45 (full 14):
 PSYoungGen      total 114176K, used 192K [0x00000000f5580000, 0x00000000fe780000, 0x0000000100000000)
  eden space 113664K, 0% used [0x00000000f5580000,0x00000000f5580000,0x00000000fc480000)
  from space 512K, 37% used [0x00000000fc480000,0x00000000fc4b0000,0x00000000fc500000)
  to   space 17920K, 0% used [0x00000000fd600000,0x00000000fd600000,0x00000000fe780000)
 ParOldGen       total 102400K, used 52078K [0x00000000e0000000, 0x00000000e6400000, 0x00000000f5580000)
  object space 102400K, 50% used [0x00000000e0000000,0x00000000e32dbbb8,0x00000000e6400000)
 Metaspace       used 84572K, capacity 90492K, committed 90752K, reserved 1128448K
  class space    used 10233K, capacity 12107K, committed 12160K, reserved 1048576K
}
Event: 801.084 GC heap before
{Heap before GC invocations=46 (full 15):
 PSYoungGen      total 114176K, used 192K [0x00000000f5580000, 0x00000000fe780000, 0x0000000100000000)
  eden space 113664K, 0% used [0x00000000f5580000,0x00000000f5580000,0x00000000fc480000)
  from space 512K, 37% used [0x00000000fc480000,0x00000000fc4b0000,0x00000000fc500000)
  to   space 17920K, 0% used [0x00000000fd600000,0x00000000fd600000,0x00000000fe780000)
 ParOldGen       total 102400K, used 52078K [0x00000000e0000000, 0x00000000e6400000, 0x00000000f5580000)
  object space 102400K, 50% used [0x00000000e0000000,0x00000000e32dbbb8,0x00000000e6400000)
 Metaspace       used 84572K, capacity 90492K, committed 90752K, reserved 1128448K
  class space    used 10233K, capacity 12107K, committed 12160K, reserved 1048576K
Event: 801.342 GC heap after
Heap after GC invocations=46 (full 15):
 PSYoungGen      total 114176K, used 0K [0x00000000f5580000, 0x00000000fe780000, 0x0000000100000000)
  eden space 113664K, 0% used [0x00000000f5580000,0x00000000f5580000,0x00000000fc480000)
  from space 512K, 0% used [0x00000000fc480000,0x00000000fc480000,0x00000000fc500000)
  to   space 17920K, 0% used [0x00000000fd600000,0x00000000fd600000,0x00000000fe780000)
 ParOldGen       total 102400K, used 50334K [0x00000000e0000000, 0x00000000e6400000, 0x00000000f5580000)
  object space 102400K, 49% used [0x00000000e0000000,0x00000000e3127a80,0x00000000e6400000)
 Metaspace       used 84567K, capacity 90486K, committed 90752K, reserved 1128448K
  class space    used 10233K, capacity 12106K, committed 12160K, reserved 1048576K
}
Event: 861.093 GC heap before
{Heap before GC invocations=47 (full 15):
 PSYoungGen      total 114176K, used 4196K [0x00000000f5580000, 0x00000000fe780000, 0x0000000100000000)
  eden space 113664K, 3% used [0x00000000f5580000,0x00000000f59991c0,0x00000000fc480000)
  from space 512K, 0% used [0x00000000fc480000,0x00000000fc480000,0x00000000fc500000)
  to   space 17920K, 0% used [0x00000000fd600000,0x00000000fd600000,0x00000000fe780000)
 ParOldGen       total 102400K, used 50334K [0x00000000e0000000, 0x00000000e6400000, 0x00000000f5580000)
  object space 102400K, 49% used [0x00000000e0000000,0x00000000e3127a80,0x00000000e6400000)
 Metaspace       used 84577K, capacity 90486K, committed 90752K, reserved 1128448K
  class space    used 10233K, capacity 12106K, committed 12160K, reserved 1048576K
Event: 861.099 GC heap after
Heap after GC invocations=47 (full 15):
 PSYoungGen      total 130560K, used 128K [0x00000000f5580000, 0x00000000fe680000, 0x0000000100000000)
  eden space 113664K, 0% used [0x00000000f5580000,0x00000000f5580000,0x00000000fc480000)
  from space 16896K, 0% used [0x00000000fd600000,0x00000000fd620000,0x00000000fe680000)
  to   space 17408K, 0% used [0x00000000fc480000,0x00000000fc480000,0x00000000fd580000)
 ParOldGen       total 102400K, used 50342K [0x00000000e0000000, 0x00000000e6400000, 0x00000000f5580000)
  object space 102400K, 49% used [0x00000000e0000000,0x00000000e3129a80,0x00000000e6400000)
 Metaspace       used 84577K, capacity 90486K, committed 90752K, reserved 1128448K
  class space    used 10233K, capacity 12106K, committed 12160K, reserved 1048576K
}
Event: 861.099 GC heap before
{Heap before GC invocations=48 (full 16):
 PSYoungGen      total 130560K, used 128K [0x00000000f5580000, 0x00000000fe680000, 0x0000000100000000)
  eden space 113664K, 0% used [0x00000000f5580000,0x00000000f5580000,0x00000000fc480000)
  from space 16896K, 0% used [0x00000000fd600000,0x00000000fd620000,0x00000000fe680000)
  to   space 17408K, 0% used [0x00000000fc480000,0x00000000fc480000,0x00000000fd580000)
 ParOldGen       total 102400K, used 50342K [0x00000000e0000000, 0x00000000e6400000, 0x00000000f5580000)
  object space 102400K, 49% used [0x00000000e0000000,0x00000000e3129a80,0x00000000e6400000)
 Metaspace       used 84577K, capacity 90486K, committed 90752K, reserved 1128448K
  class space    used 10233K, capacity 12106K, committed 12160K, reserved 1048576K
Event: 861.411 GC heap after
Heap after GC invocations=48 (full 16):
 PSYoungGen      total 130560K, used 0K [0x00000000f5580000, 0x00000000fe680000, 0x0000000100000000)
  eden space 113664K, 0% used [0x00000000f5580000,0x00000000f5580000,0x00000000fc480000)
  from space 16896K, 0% used [0x00000000fd600000,0x00000000fd600000,0x00000000fe680000)
  to   space 17408K, 0% used [0x00000000fc480000,0x00000000fc480000,0x00000000fd580000)
 ParOldGen       total 102400K, used 49941K [0x00000000e0000000, 0x00000000e6400000, 0x00000000f5580000)
  object space 102400K, 48% used [0x00000000e0000000,0x00000000e30c56e0,0x00000000e6400000)
 Metaspace       used 84563K, capacity 90462K, committed 90752K, reserved 1128448K
  class space    used 10230K, capacity 12102K, committed 12160K, reserved 1048576K
}

